TN:
SF:src/app.ts
FN:9,initialize
FNF:1
FNH:0
FNDA:0,initialize
DA:1,0
DA:2,0
DA:4,0
DA:5,0
DA:7,0
DA:10,0
DA:12,0
DA:13,0
DA:16,0
LF:9
LH:0
BRF:0
BRH:0
end_of_record
TN:
SF:src/config.ts
FN:13,(anonymous_1)
FNF:1
FNH:1
FNDA:2,(anonymous_1)
DA:1,2
DA:3,2
DA:14,2
DA:15,2
DA:16,2
DA:17,2
DA:18,2
DA:19,2
DA:23,2
LF:9
LH:9
BRDA:14,0,0,2
BRDA:14,0,1,0
BRDA:15,1,0,2
BRDA:15,1,1,0
BRDA:16,2,0,2
BRDA:16,2,1,0
BRDA:17,3,0,2
BRDA:17,3,1,0
BRDA:18,4,0,2
BRDA:18,4,1,0
BRDA:19,5,0,2
BRDA:19,5,1,0
BRF:12
BRH:6
end_of_record
TN:
SF:src/elasticsearch.ts
FN:13,checkConnection
FNF:1
FNH:0
FNDA:0,checkConnection
DA:1,0
DA:2,0
DA:4,0
DA:7,0
DA:9,0
DA:13,0
DA:14,0
DA:16,0
DA:17,0
DA:18,0
DA:20,0
DA:21,0
DA:23,0
DA:25,0
LF:14
LH:0
BRF:0
BRH:0
end_of_record
TN:
SF:src/helpers.ts
FN:11,emailTemplate
FNF:1
FNH:0
FNDA:0,emailTemplate
DA:1,1
DA:3,1
DA:5,1
DA:6,1
DA:7,1
DA:9,1
DA:12,0
DA:13,0
DA:14,0
DA:23,0
DA:43,0
DA:49,0
DA:50,0
DA:54,1
LF:14
LH:7
BRF:0
BRH:0
end_of_record
TN:
SF:src/routes.ts
FN:7,healterouter
FN:8,(anonymous_2)
FNF:2
FNH:0
FNDA:0,healterouter
FNDA:0,(anonymous_2)
DA:1,0
DA:3,0
DA:5,0
DA:7,0
DA:8,0
DA:9,0
DA:11,0
LF:7
LH:0
BRF:0
BRH:0
end_of_record
TN:
SF:src/server.ts
FN:17,start
FN:25,startQueue
FN:44,startElasticSearch
FN:48,startServer
FN:54,(anonymous_12)
FNF:5
FNH:0
FNDA:0,start
FNDA:0,startQueue
FNDA:0,startElasticSearch
FNDA:0,startServer
FNDA:0,(anonymous_12)
DA:1,0
DA:5,0
DA:7,0
DA:8,0
DA:9,0
DA:10,0
DA:12,0
DA:14,0
DA:15,0
DA:17,0
DA:18,0
DA:20,0
DA:21,0
DA:22,0
DA:26,0
DA:28,0
DA:29,0
DA:30,0
DA:32,0
DA:39,0
DA:40,0
DA:41,0
DA:45,0
DA:49,0
DA:52,0
DA:54,0
DA:55,0
DA:57,0
DA:59,0
LF:29
LH:0
BRF:0
BRH:0
end_of_record
TN:
SF:src/queues/connection.ts
FN:8,createConnection
FN:23,closeConnection
FN:24,(anonymous_11)
FN:24,(anonymous_12)
FNF:4
FNH:0
FNDA:0,createConnection
FNDA:0,closeConnection
FNDA:0,(anonymous_11)
FNDA:0,(anonymous_12)
DA:1,1
DA:2,1
DA:3,1
DA:6,1
DA:9,0
DA:10,0
DA:12,0
DA:13,0
DA:14,0
DA:16,0
DA:18,0
DA:19,0
DA:24,0
DA:25,0
DA:26,0
DA:30,1
LF:16
LH:5
BRF:0
BRH:0
end_of_record
TN:
SF:src/queues/email.consumer.ts
FN:10,consumeAuthEmailMEssage
FN:25,(anonymous_9)
FN:25,(anonymous_10)
FN:111,consumeOrderEmailMEssage
FN:126,(anonymous_13)
FN:126,(anonymous_14)
FNF:6
FNH:2
FNDA:1,consumeAuthEmailMEssage
FNDA:0,(anonymous_9)
FNDA:0,(anonymous_10)
FNDA:1,consumeOrderEmailMEssage
FNDA:0,(anonymous_13)
FNDA:0,(anonymous_14)
DA:1,1
DA:2,1
DA:5,1
DA:6,1
DA:8,1
DA:11,1
DA:12,1
DA:13,0
DA:16,1
DA:17,1
DA:18,1
DA:20,1
DA:22,1
DA:24,1
DA:25,1
DA:52,0
DA:53,0
DA:81,0
DA:82,0
DA:83,0
DA:85,0
DA:87,0
DA:107,0
DA:112,1
DA:113,1
DA:114,0
DA:117,1
DA:118,1
DA:119,1
DA:121,1
DA:123,1
DA:125,1
DA:126,1
DA:127,0
DA:130,0
DA:134,1
LF:36
LH:24
BRDA:12,0,0,0
BRDA:81,1,0,0
BRDA:81,1,1,0
BRDA:113,2,0,0
BRF:4
BRH:0
end_of_record
TN:
SF:src/queues/mail.transport.ts
FN:8,sendEmail
FNF:1
FNH:0
FNDA:0,sendEmail
DA:1,1
DA:2,1
DA:3,1
DA:6,1
DA:9,0
DA:10,0
DA:11,0
DA:13,0
DA:14,0
DA:18,1
LF:10
LH:5
BRF:0
BRH:0
end_of_record
